<?xml version="1.0" encoding="UTF-8"?>
<testsuite xmlns:xsi="http://www.w3.org/2001/XMLSchema-instance" xsi:noNamespaceSchemaLocation="https://maven.apache.org/surefire/maven-surefire-plugin/xsd/surefire-test-report-3.0.xsd" version="3.0" name="com.example.capstone.pizza_delivery_service.CustomerIntegrationTest" time="1.912" tests="1" errors="0" skipped="0" failures="0">
  <properties>
    <property name="java.specification.version" value="19"/>
    <property name="sun.cpu.isalist" value="amd64"/>
    <property name="sun.jnu.encoding" value="Cp1251"/>
    <property name="java.class.path" value="C:\Epam Projects\capstoneproject\target\test-classes;C:\Epam Projects\capstoneproject\target\classes;C:\Users\magzh\.m2\repository\org\springframework\boot\spring-boot-starter-security\3.1.1-SNAPSHOT\spring-boot-starter-security-3.1.1-SNAPSHOT.jar;C:\Users\magzh\.m2\repository\org\springframework\boot\spring-boot-starter\3.1.1-SNAPSHOT\spring-boot-starter-3.1.1-SNAPSHOT.jar;C:\Users\magzh\.m2\repository\org\springframework\boot\spring-boot\3.1.1-SNAPSHOT\spring-boot-3.1.1-SNAPSHOT.jar;C:\Users\magzh\.m2\repository\org\springframework\boot\spring-boot-autoconfigure\3.1.1-SNAPSHOT\spring-boot-autoconfigure-3.1.1-SNAPSHOT.jar;C:\Users\magzh\.m2\repository\org\springframework\boot\spring-boot-starter-logging\3.1.1-SNAPSHOT\spring-boot-starter-logging-3.1.1-SNAPSHOT.jar;C:\Users\magzh\.m2\repository\ch\qos\logback\logback-classic\1.4.7\logback-classic-1.4.7.jar;C:\Users\magzh\.m2\repository\ch\qos\logback\logback-core\1.4.7\logback-core-1.4.7.jar;C:\Users\magzh\.m2\repository\org\apache\logging\log4j\log4j-to-slf4j\2.20.0\log4j-to-slf4j-2.20.0.jar;C:\Users\magzh\.m2\repository\org\apache\logging\log4j\log4j-api\2.20.0\log4j-api-2.20.0.jar;C:\Users\magzh\.m2\repository\org\slf4j\jul-to-slf4j\2.0.7\jul-to-slf4j-2.0.7.jar;C:\Users\magzh\.m2\repository\jakarta\annotation\jakarta.annotation-api\2.1.1\jakarta.annotation-api-2.1.1.jar;C:\Users\magzh\.m2\repository\org\yaml\snakeyaml\1.33\snakeyaml-1.33.jar;C:\Users\magzh\.m2\repository\org\springframework\spring-aop\6.0.10-SNAPSHOT\spring-aop-6.0.10-SNAPSHOT.jar;C:\Users\magzh\.m2\repository\org\springframework\security\spring-security-config\6.1.1-SNAPSHOT\spring-security-config-6.1.1-SNAPSHOT.jar;C:\Users\magzh\.m2\repository\org\springframework\security\spring-security-web\6.1.1-SNAPSHOT\spring-security-web-6.1.1-SNAPSHOT.jar;C:\Users\magzh\.m2\repository\org\springframework\boot\spring-boot-starter-web\3.1.1-SNAPSHOT\spring-boot-starter-web-3.1.1-SNAPSHOT.jar;C:\Users\magzh\.m2\repository\org\springframework\boot\spring-boot-starter-json\3.1.1-SNAPSHOT\spring-boot-starter-json-3.1.1-SNAPSHOT.jar;C:\Users\magzh\.m2\repository\com\fasterxml\jackson\core\jackson-databind\2.15.0\jackson-databind-2.15.0.jar;C:\Users\magzh\.m2\repository\com\fasterxml\jackson\core\jackson-annotations\2.15.0\jackson-annotations-2.15.0.jar;C:\Users\magzh\.m2\repository\com\fasterxml\jackson\core\jackson-core\2.15.0\jackson-core-2.15.0.jar;C:\Users\magzh\.m2\repository\com\fasterxml\jackson\datatype\jackson-datatype-jdk8\2.15.0\jackson-datatype-jdk8-2.15.0.jar;C:\Users\magzh\.m2\repository\com\fasterxml\jackson\datatype\jackson-datatype-jsr310\2.15.0\jackson-datatype-jsr310-2.15.0.jar;C:\Users\magzh\.m2\repository\com\fasterxml\jackson\module\jackson-module-parameter-names\2.15.0\jackson-module-parameter-names-2.15.0.jar;C:\Users\magzh\.m2\repository\org\springframework\boot\spring-boot-starter-tomcat\3.1.1-SNAPSHOT\spring-boot-starter-tomcat-3.1.1-SNAPSHOT.jar;C:\Users\magzh\.m2\repository\org\apache\tomcat\embed\tomcat-embed-core\10.1.8\tomcat-embed-core-10.1.8.jar;C:\Users\magzh\.m2\repository\org\apache\tomcat\embed\tomcat-embed-websocket\10.1.8\tomcat-embed-websocket-10.1.8.jar;C:\Users\magzh\.m2\repository\org\springframework\spring-web\6.0.10-SNAPSHOT\spring-web-6.0.10-SNAPSHOT.jar;C:\Users\magzh\.m2\repository\io\micrometer\micrometer-observation\1.11.1-SNAPSHOT\micrometer-observation-1.11.1-SNAPSHOT.jar;C:\Users\magzh\.m2\repository\io\micrometer\micrometer-commons\1.11.1-SNAPSHOT\micrometer-commons-1.11.1-SNAPSHOT.jar;C:\Users\magzh\.m2\repository\org\springframework\spring-webmvc\6.0.10-SNAPSHOT\spring-webmvc-6.0.10-SNAPSHOT.jar;C:\Users\magzh\.m2\repository\org\springframework\boot\spring-boot-starter-data-jpa\3.1.1-SNAPSHOT\spring-boot-starter-data-jpa-3.1.1-SNAPSHOT.jar;C:\Users\magzh\.m2\repository\org\springframework\boot\spring-boot-starter-aop\3.1.1-SNAPSHOT\spring-boot-starter-aop-3.1.1-SNAPSHOT.jar;C:\Users\magzh\.m2\repository\org\aspectj\aspectjweaver\1.9.19\aspectjweaver-1.9.19.jar;C:\Users\magzh\.m2\repository\org\springframework\boot\spring-boot-starter-jdbc\3.1.1-SNAPSHOT\spring-boot-starter-jdbc-3.1.1-SNAPSHOT.jar;C:\Users\magzh\.m2\repository\com\zaxxer\HikariCP\5.0.1\HikariCP-5.0.1.jar;C:\Users\magzh\.m2\repository\org\springframework\spring-jdbc\6.0.10-SNAPSHOT\spring-jdbc-6.0.10-SNAPSHOT.jar;C:\Users\magzh\.m2\repository\org\hibernate\orm\hibernate-core\6.2.2.Final\hibernate-core-6.2.2.Final.jar;C:\Users\magzh\.m2\repository\jakarta\persistence\jakarta.persistence-api\3.1.0\jakarta.persistence-api-3.1.0.jar;C:\Users\magzh\.m2\repository\jakarta\transaction\jakarta.transaction-api\2.0.1\jakarta.transaction-api-2.0.1.jar;C:\Users\magzh\.m2\repository\org\jboss\logging\jboss-logging\3.5.0.Final\jboss-logging-3.5.0.Final.jar;C:\Users\magzh\.m2\repository\org\hibernate\common\hibernate-commons-annotations\6.0.6.Final\hibernate-commons-annotations-6.0.6.Final.jar;C:\Users\magzh\.m2\repository\io\smallrye\jandex\3.0.5\jandex-3.0.5.jar;C:\Users\magzh\.m2\repository\com\fasterxml\classmate\1.5.1\classmate-1.5.1.jar;C:\Users\magzh\.m2\repository\net\bytebuddy\byte-buddy\1.14.4\byte-buddy-1.14.4.jar;C:\Users\magzh\.m2\repository\org\glassfish\jaxb\jaxb-runtime\4.0.2\jaxb-runtime-4.0.2.jar;C:\Users\magzh\.m2\repository\org\glassfish\jaxb\jaxb-core\4.0.2\jaxb-core-4.0.2.jar;C:\Users\magzh\.m2\repository\org\eclipse\angus\angus-activation\2.0.0\angus-activation-2.0.0.jar;C:\Users\magzh\.m2\repository\org\glassfish\jaxb\txw2\4.0.2\txw2-4.0.2.jar;C:\Users\magzh\.m2\repository\com\sun\istack\istack-commons-runtime\4.1.1\istack-commons-runtime-4.1.1.jar;C:\Users\magzh\.m2\repository\jakarta\inject\jakarta.inject-api\2.0.1\jakarta.inject-api-2.0.1.jar;C:\Users\magzh\.m2\repository\org\antlr\antlr4-runtime\4.10.1\antlr4-runtime-4.10.1.jar;C:\Users\magzh\.m2\repository\org\springframework\data\spring-data-jpa\3.1.1-SNAPSHOT\spring-data-jpa-3.1.1-SNAPSHOT.jar;C:\Users\magzh\.m2\repository\org\springframework\data\spring-data-commons\3.1.1-SNAPSHOT\spring-data-commons-3.1.1-SNAPSHOT.jar;C:\Users\magzh\.m2\repository\org\springframework\spring-orm\6.0.10-SNAPSHOT\spring-orm-6.0.10-SNAPSHOT.jar;C:\Users\magzh\.m2\repository\org\springframework\spring-tx\6.0.10-SNAPSHOT\spring-tx-6.0.10-SNAPSHOT.jar;C:\Users\magzh\.m2\repository\org\springframework\spring-aspects\6.0.10-SNAPSHOT\spring-aspects-6.0.10-SNAPSHOT.jar;C:\Users\magzh\.m2\repository\org\springframework\boot\spring-boot-starter-thymeleaf\3.1.1-SNAPSHOT\spring-boot-starter-thymeleaf-3.1.1-SNAPSHOT.jar;C:\Users\magzh\.m2\repository\org\thymeleaf\thymeleaf-spring6\3.1.1.RELEASE\thymeleaf-spring6-3.1.1.RELEASE.jar;C:\Users\magzh\.m2\repository\nz\net\ultraq\thymeleaf\thymeleaf-layout-dialect\3.2.1\thymeleaf-layout-dialect-3.2.1.jar;C:\Users\magzh\.m2\repository\org\apache\groovy\groovy\4.0.12\groovy-4.0.12.jar;C:\Users\magzh\.m2\repository\nz\net\ultraq\groovy\groovy-extensions\2.1.0\groovy-extensions-2.1.0.jar;C:\Users\magzh\.m2\repository\nz\net\ultraq\thymeleaf\thymeleaf-expression-processor\3.1.1\thymeleaf-expression-processor-3.1.1.jar;C:\Users\magzh\.m2\repository\org\thymeleaf\thymeleaf\3.1.1.RELEASE\thymeleaf-3.1.1.RELEASE.jar;C:\Users\magzh\.m2\repository\ognl\ognl\3.3.4\ognl-3.3.4.jar;C:\Users\magzh\.m2\repository\org\javassist\javassist\3.29.0-GA\javassist-3.29.0-GA.jar;C:\Users\magzh\.m2\repository\org\attoparser\attoparser\2.0.6.RELEASE\attoparser-2.0.6.RELEASE.jar;C:\Users\magzh\.m2\repository\org\unbescape\unbescape\1.1.6.RELEASE\unbescape-1.1.6.RELEASE.jar;C:\Users\magzh\.m2\repository\org\slf4j\slf4j-api\2.0.7\slf4j-api-2.0.7.jar;C:\Users\magzh\.m2\repository\org\springframework\boot\spring-boot-starter-validation\3.1.1-SNAPSHOT\spring-boot-starter-validation-3.1.1-SNAPSHOT.jar;C:\Users\magzh\.m2\repository\org\apache\tomcat\embed\tomcat-embed-el\10.1.8\tomcat-embed-el-10.1.8.jar;C:\Users\magzh\.m2\repository\org\hibernate\validator\hibernate-validator\8.0.0.Final\hibernate-validator-8.0.0.Final.jar;C:\Users\magzh\.m2\repository\jakarta\validation\jakarta.validation-api\3.0.2\jakarta.validation-api-3.0.2.jar;C:\Users\magzh\.m2\repository\org\webjars\bootstrap\4.6.2\bootstrap-4.6.2.jar;C:\Users\magzh\.m2\repository\org\webjars\jquery\3.5.1\jquery-3.5.1.jar;C:\Users\magzh\.m2\repository\org\webjars\popper.js\1.16.0\popper.js-1.16.0.jar;C:\Users\magzh\.m2\repository\org\postgresql\postgresql\42.6.0\postgresql-42.6.0.jar;C:\Users\magzh\.m2\repository\org\checkerframework\checker-qual\3.31.0\checker-qual-3.31.0.jar;C:\Users\magzh\.m2\repository\org\springframework\boot\spring-boot-starter-test\3.1.1-SNAPSHOT\spring-boot-starter-test-3.1.1-SNAPSHOT.jar;C:\Users\magzh\.m2\repository\org\springframework\boot\spring-boot-test\3.1.1-SNAPSHOT\spring-boot-test-3.1.1-SNAPSHOT.jar;C:\Users\magzh\.m2\repository\org\springframework\boot\spring-boot-test-autoconfigure\3.1.1-SNAPSHOT\spring-boot-test-autoconfigure-3.1.1-SNAPSHOT.jar;C:\Users\magzh\.m2\repository\com\jayway\jsonpath\json-path\2.8.0\json-path-2.8.0.jar;C:\Users\magzh\.m2\repository\jakarta\xml\bind\jakarta.xml.bind-api\4.0.0\jakarta.xml.bind-api-4.0.0.jar;C:\Users\magzh\.m2\repository\jakarta\activation\jakarta.activation-api\2.1.2\jakarta.activation-api-2.1.2.jar;C:\Users\magzh\.m2\repository\net\minidev\json-smart\2.4.10\json-smart-2.4.10.jar;C:\Users\magzh\.m2\repository\net\minidev\accessors-smart\2.4.9\accessors-smart-2.4.9.jar;C:\Users\magzh\.m2\repository\org\ow2\asm\asm\9.3\asm-9.3.jar;C:\Users\magzh\.m2\repository\org\assertj\assertj-core\3.24.2\assertj-core-3.24.2.jar;C:\Users\magzh\.m2\repository\org\hamcrest\hamcrest\2.2\hamcrest-2.2.jar;C:\Users\magzh\.m2\repository\org\junit\jupiter\junit-jupiter\5.9.3\junit-jupiter-5.9.3.jar;C:\Users\magzh\.m2\repository\org\junit\jupiter\junit-jupiter-api\5.9.3\junit-jupiter-api-5.9.3.jar;C:\Users\magzh\.m2\repository\org\junit\jupiter\junit-jupiter-params\5.9.3\junit-jupiter-params-5.9.3.jar;C:\Users\magzh\.m2\repository\org\junit\jupiter\junit-jupiter-engine\5.9.3\junit-jupiter-engine-5.9.3.jar;C:\Users\magzh\.m2\repository\org\mockito\mockito-core\5.3.1\mockito-core-5.3.1.jar;C:\Users\magzh\.m2\repository\net\bytebuddy\byte-buddy-agent\1.14.4\byte-buddy-agent-1.14.4.jar;C:\Users\magzh\.m2\repository\org\objenesis\objenesis\3.3\objenesis-3.3.jar;C:\Users\magzh\.m2\repository\org\mockito\mockito-junit-jupiter\5.3.1\mockito-junit-jupiter-5.3.1.jar;C:\Users\magzh\.m2\repository\org\skyscreamer\jsonassert\1.5.1\jsonassert-1.5.1.jar;C:\Users\magzh\.m2\repository\com\vaadin\external\google\android-json\0.0.20131108.vaadin1\android-json-0.0.20131108.vaadin1.jar;C:\Users\magzh\.m2\repository\org\springframework\spring-core\6.0.10-SNAPSHOT\spring-core-6.0.10-SNAPSHOT.jar;C:\Users\magzh\.m2\repository\org\springframework\spring-jcl\6.0.10-SNAPSHOT\spring-jcl-6.0.10-SNAPSHOT.jar;C:\Users\magzh\.m2\repository\org\springframework\spring-test\6.0.10-SNAPSHOT\spring-test-6.0.10-SNAPSHOT.jar;C:\Users\magzh\.m2\repository\org\xmlunit\xmlunit-core\2.9.1\xmlunit-core-2.9.1.jar;C:\Users\magzh\.m2\repository\org\springframework\security\spring-security-test\6.1.1-SNAPSHOT\spring-security-test-6.1.1-SNAPSHOT.jar;C:\Users\magzh\.m2\repository\org\springframework\security\spring-security-core\6.1.1-SNAPSHOT\spring-security-core-6.1.1-SNAPSHOT.jar;C:\Users\magzh\.m2\repository\org\springframework\security\spring-security-crypto\6.1.1-SNAPSHOT\spring-security-crypto-6.1.1-SNAPSHOT.jar;C:\Users\magzh\.m2\repository\org\springframework\security\spring-security-taglibs\6.0.2\spring-security-taglibs-6.0.2.jar;C:\Users\magzh\.m2\repository\org\springframework\security\spring-security-acl\6.1.1-SNAPSHOT\spring-security-acl-6.1.1-SNAPSHOT.jar;C:\Users\magzh\.m2\repository\org\springframework\spring-beans\6.0.10-SNAPSHOT\spring-beans-6.0.10-SNAPSHOT.jar;C:\Users\magzh\.m2\repository\org\springframework\spring-context\6.0.10-SNAPSHOT\spring-context-6.0.10-SNAPSHOT.jar;C:\Users\magzh\.m2\repository\org\springframework\spring-expression\6.0.10-SNAPSHOT\spring-expression-6.0.10-SNAPSHOT.jar;C:\Users\magzh\.m2\repository\org\projectlombok\lombok\1.18.28\lombok-1.18.28.jar;C:\Users\magzh\.m2\repository\org\thymeleaf\extras\thymeleaf-extras-springsecurity6\3.1.1.RELEASE\thymeleaf-extras-springsecurity6-3.1.1.RELEASE.jar;C:\Users\magzh\.m2\repository\org\junit\platform\junit-platform-launcher\1.9.3\junit-platform-launcher-1.9.3.jar;C:\Users\magzh\.m2\repository\org\junit\platform\junit-platform-engine\1.9.3\junit-platform-engine-1.9.3.jar;C:\Users\magzh\.m2\repository\org\opentest4j\opentest4j\1.2.0\opentest4j-1.2.0.jar;C:\Users\magzh\.m2\repository\org\junit\platform\junit-platform-commons\1.9.3\junit-platform-commons-1.9.3.jar;C:\Users\magzh\.m2\repository\org\apiguardian\apiguardian-api\1.1.2\apiguardian-api-1.1.2.jar;"/>
    <property name="java.vm.vendor" value="Oracle Corporation"/>
    <property name="sun.arch.data.model" value="64"/>
    <property name="user.variant" value=""/>
    <property name="java.vendor.url" value="https://java.oracle.com/"/>
    <property name="user.timezone" value="Asia/Almaty"/>
    <property name="org.jboss.logging.provider" value="slf4j"/>
    <property name="os.name" value="Windows 10"/>
    <property name="java.vm.specification.version" value="19"/>
    <property name="sun.java.launcher" value="SUN_STANDARD"/>
    <property name="user.country" value="RU"/>
    <property name="sun.boot.library.path" value="C:\Program Files\Java\jdk-19\bin"/>
    <property name="sun.java.command" value="C:\Users\magzh\AppData\Local\Temp\surefire13647037977150345716\surefirebooter-20230607164438316_3.jar C:\Users\magzh\AppData\Local\Temp\surefire13647037977150345716 2023-06-07T16-44-36_421-jvmRun1 surefire-20230607164438316_1tmp surefire_0-20230607164438316_2tmp"/>
    <property name="jdk.debug" value="release"/>
    <property name="surefire.test.class.path" value="C:\Epam Projects\capstoneproject\target\test-classes;C:\Epam Projects\capstoneproject\target\classes;C:\Users\magzh\.m2\repository\org\springframework\boot\spring-boot-starter-security\3.1.1-SNAPSHOT\spring-boot-starter-security-3.1.1-SNAPSHOT.jar;C:\Users\magzh\.m2\repository\org\springframework\boot\spring-boot-starter\3.1.1-SNAPSHOT\spring-boot-starter-3.1.1-SNAPSHOT.jar;C:\Users\magzh\.m2\repository\org\springframework\boot\spring-boot\3.1.1-SNAPSHOT\spring-boot-3.1.1-SNAPSHOT.jar;C:\Users\magzh\.m2\repository\org\springframework\boot\spring-boot-autoconfigure\3.1.1-SNAPSHOT\spring-boot-autoconfigure-3.1.1-SNAPSHOT.jar;C:\Users\magzh\.m2\repository\org\springframework\boot\spring-boot-starter-logging\3.1.1-SNAPSHOT\spring-boot-starter-logging-3.1.1-SNAPSHOT.jar;C:\Users\magzh\.m2\repository\ch\qos\logback\logback-classic\1.4.7\logback-classic-1.4.7.jar;C:\Users\magzh\.m2\repository\ch\qos\logback\logback-core\1.4.7\logback-core-1.4.7.jar;C:\Users\magzh\.m2\repository\org\apache\logging\log4j\log4j-to-slf4j\2.20.0\log4j-to-slf4j-2.20.0.jar;C:\Users\magzh\.m2\repository\org\apache\logging\log4j\log4j-api\2.20.0\log4j-api-2.20.0.jar;C:\Users\magzh\.m2\repository\org\slf4j\jul-to-slf4j\2.0.7\jul-to-slf4j-2.0.7.jar;C:\Users\magzh\.m2\repository\jakarta\annotation\jakarta.annotation-api\2.1.1\jakarta.annotation-api-2.1.1.jar;C:\Users\magzh\.m2\repository\org\yaml\snakeyaml\1.33\snakeyaml-1.33.jar;C:\Users\magzh\.m2\repository\org\springframework\spring-aop\6.0.10-SNAPSHOT\spring-aop-6.0.10-SNAPSHOT.jar;C:\Users\magzh\.m2\repository\org\springframework\security\spring-security-config\6.1.1-SNAPSHOT\spring-security-config-6.1.1-SNAPSHOT.jar;C:\Users\magzh\.m2\repository\org\springframework\security\spring-security-web\6.1.1-SNAPSHOT\spring-security-web-6.1.1-SNAPSHOT.jar;C:\Users\magzh\.m2\repository\org\springframework\boot\spring-boot-starter-web\3.1.1-SNAPSHOT\spring-boot-starter-web-3.1.1-SNAPSHOT.jar;C:\Users\magzh\.m2\repository\org\springframework\boot\spring-boot-starter-json\3.1.1-SNAPSHOT\spring-boot-starter-json-3.1.1-SNAPSHOT.jar;C:\Users\magzh\.m2\repository\com\fasterxml\jackson\core\jackson-databind\2.15.0\jackson-databind-2.15.0.jar;C:\Users\magzh\.m2\repository\com\fasterxml\jackson\core\jackson-annotations\2.15.0\jackson-annotations-2.15.0.jar;C:\Users\magzh\.m2\repository\com\fasterxml\jackson\core\jackson-core\2.15.0\jackson-core-2.15.0.jar;C:\Users\magzh\.m2\repository\com\fasterxml\jackson\datatype\jackson-datatype-jdk8\2.15.0\jackson-datatype-jdk8-2.15.0.jar;C:\Users\magzh\.m2\repository\com\fasterxml\jackson\datatype\jackson-datatype-jsr310\2.15.0\jackson-datatype-jsr310-2.15.0.jar;C:\Users\magzh\.m2\repository\com\fasterxml\jackson\module\jackson-module-parameter-names\2.15.0\jackson-module-parameter-names-2.15.0.jar;C:\Users\magzh\.m2\repository\org\springframework\boot\spring-boot-starter-tomcat\3.1.1-SNAPSHOT\spring-boot-starter-tomcat-3.1.1-SNAPSHOT.jar;C:\Users\magzh\.m2\repository\org\apache\tomcat\embed\tomcat-embed-core\10.1.8\tomcat-embed-core-10.1.8.jar;C:\Users\magzh\.m2\repository\org\apache\tomcat\embed\tomcat-embed-websocket\10.1.8\tomcat-embed-websocket-10.1.8.jar;C:\Users\magzh\.m2\repository\org\springframework\spring-web\6.0.10-SNAPSHOT\spring-web-6.0.10-SNAPSHOT.jar;C:\Users\magzh\.m2\repository\io\micrometer\micrometer-observation\1.11.1-SNAPSHOT\micrometer-observation-1.11.1-SNAPSHOT.jar;C:\Users\magzh\.m2\repository\io\micrometer\micrometer-commons\1.11.1-SNAPSHOT\micrometer-commons-1.11.1-SNAPSHOT.jar;C:\Users\magzh\.m2\repository\org\springframework\spring-webmvc\6.0.10-SNAPSHOT\spring-webmvc-6.0.10-SNAPSHOT.jar;C:\Users\magzh\.m2\repository\org\springframework\boot\spring-boot-starter-data-jpa\3.1.1-SNAPSHOT\spring-boot-starter-data-jpa-3.1.1-SNAPSHOT.jar;C:\Users\magzh\.m2\repository\org\springframework\boot\spring-boot-starter-aop\3.1.1-SNAPSHOT\spring-boot-starter-aop-3.1.1-SNAPSHOT.jar;C:\Users\magzh\.m2\repository\org\aspectj\aspectjweaver\1.9.19\aspectjweaver-1.9.19.jar;C:\Users\magzh\.m2\repository\org\springframework\boot\spring-boot-starter-jdbc\3.1.1-SNAPSHOT\spring-boot-starter-jdbc-3.1.1-SNAPSHOT.jar;C:\Users\magzh\.m2\repository\com\zaxxer\HikariCP\5.0.1\HikariCP-5.0.1.jar;C:\Users\magzh\.m2\repository\org\springframework\spring-jdbc\6.0.10-SNAPSHOT\spring-jdbc-6.0.10-SNAPSHOT.jar;C:\Users\magzh\.m2\repository\org\hibernate\orm\hibernate-core\6.2.2.Final\hibernate-core-6.2.2.Final.jar;C:\Users\magzh\.m2\repository\jakarta\persistence\jakarta.persistence-api\3.1.0\jakarta.persistence-api-3.1.0.jar;C:\Users\magzh\.m2\repository\jakarta\transaction\jakarta.transaction-api\2.0.1\jakarta.transaction-api-2.0.1.jar;C:\Users\magzh\.m2\repository\org\jboss\logging\jboss-logging\3.5.0.Final\jboss-logging-3.5.0.Final.jar;C:\Users\magzh\.m2\repository\org\hibernate\common\hibernate-commons-annotations\6.0.6.Final\hibernate-commons-annotations-6.0.6.Final.jar;C:\Users\magzh\.m2\repository\io\smallrye\jandex\3.0.5\jandex-3.0.5.jar;C:\Users\magzh\.m2\repository\com\fasterxml\classmate\1.5.1\classmate-1.5.1.jar;C:\Users\magzh\.m2\repository\net\bytebuddy\byte-buddy\1.14.4\byte-buddy-1.14.4.jar;C:\Users\magzh\.m2\repository\org\glassfish\jaxb\jaxb-runtime\4.0.2\jaxb-runtime-4.0.2.jar;C:\Users\magzh\.m2\repository\org\glassfish\jaxb\jaxb-core\4.0.2\jaxb-core-4.0.2.jar;C:\Users\magzh\.m2\repository\org\eclipse\angus\angus-activation\2.0.0\angus-activation-2.0.0.jar;C:\Users\magzh\.m2\repository\org\glassfish\jaxb\txw2\4.0.2\txw2-4.0.2.jar;C:\Users\magzh\.m2\repository\com\sun\istack\istack-commons-runtime\4.1.1\istack-commons-runtime-4.1.1.jar;C:\Users\magzh\.m2\repository\jakarta\inject\jakarta.inject-api\2.0.1\jakarta.inject-api-2.0.1.jar;C:\Users\magzh\.m2\repository\org\antlr\antlr4-runtime\4.10.1\antlr4-runtime-4.10.1.jar;C:\Users\magzh\.m2\repository\org\springframework\data\spring-data-jpa\3.1.1-SNAPSHOT\spring-data-jpa-3.1.1-SNAPSHOT.jar;C:\Users\magzh\.m2\repository\org\springframework\data\spring-data-commons\3.1.1-SNAPSHOT\spring-data-commons-3.1.1-SNAPSHOT.jar;C:\Users\magzh\.m2\repository\org\springframework\spring-orm\6.0.10-SNAPSHOT\spring-orm-6.0.10-SNAPSHOT.jar;C:\Users\magzh\.m2\repository\org\springframework\spring-tx\6.0.10-SNAPSHOT\spring-tx-6.0.10-SNAPSHOT.jar;C:\Users\magzh\.m2\repository\org\springframework\spring-aspects\6.0.10-SNAPSHOT\spring-aspects-6.0.10-SNAPSHOT.jar;C:\Users\magzh\.m2\repository\org\springframework\boot\spring-boot-starter-thymeleaf\3.1.1-SNAPSHOT\spring-boot-starter-thymeleaf-3.1.1-SNAPSHOT.jar;C:\Users\magzh\.m2\repository\org\thymeleaf\thymeleaf-spring6\3.1.1.RELEASE\thymeleaf-spring6-3.1.1.RELEASE.jar;C:\Users\magzh\.m2\repository\nz\net\ultraq\thymeleaf\thymeleaf-layout-dialect\3.2.1\thymeleaf-layout-dialect-3.2.1.jar;C:\Users\magzh\.m2\repository\org\apache\groovy\groovy\4.0.12\groovy-4.0.12.jar;C:\Users\magzh\.m2\repository\nz\net\ultraq\groovy\groovy-extensions\2.1.0\groovy-extensions-2.1.0.jar;C:\Users\magzh\.m2\repository\nz\net\ultraq\thymeleaf\thymeleaf-expression-processor\3.1.1\thymeleaf-expression-processor-3.1.1.jar;C:\Users\magzh\.m2\repository\org\thymeleaf\thymeleaf\3.1.1.RELEASE\thymeleaf-3.1.1.RELEASE.jar;C:\Users\magzh\.m2\repository\ognl\ognl\3.3.4\ognl-3.3.4.jar;C:\Users\magzh\.m2\repository\org\javassist\javassist\3.29.0-GA\javassist-3.29.0-GA.jar;C:\Users\magzh\.m2\repository\org\attoparser\attoparser\2.0.6.RELEASE\attoparser-2.0.6.RELEASE.jar;C:\Users\magzh\.m2\repository\org\unbescape\unbescape\1.1.6.RELEASE\unbescape-1.1.6.RELEASE.jar;C:\Users\magzh\.m2\repository\org\slf4j\slf4j-api\2.0.7\slf4j-api-2.0.7.jar;C:\Users\magzh\.m2\repository\org\springframework\boot\spring-boot-starter-validation\3.1.1-SNAPSHOT\spring-boot-starter-validation-3.1.1-SNAPSHOT.jar;C:\Users\magzh\.m2\repository\org\apache\tomcat\embed\tomcat-embed-el\10.1.8\tomcat-embed-el-10.1.8.jar;C:\Users\magzh\.m2\repository\org\hibernate\validator\hibernate-validator\8.0.0.Final\hibernate-validator-8.0.0.Final.jar;C:\Users\magzh\.m2\repository\jakarta\validation\jakarta.validation-api\3.0.2\jakarta.validation-api-3.0.2.jar;C:\Users\magzh\.m2\repository\org\webjars\bootstrap\4.6.2\bootstrap-4.6.2.jar;C:\Users\magzh\.m2\repository\org\webjars\jquery\3.5.1\jquery-3.5.1.jar;C:\Users\magzh\.m2\repository\org\webjars\popper.js\1.16.0\popper.js-1.16.0.jar;C:\Users\magzh\.m2\repository\org\postgresql\postgresql\42.6.0\postgresql-42.6.0.jar;C:\Users\magzh\.m2\repository\org\checkerframework\checker-qual\3.31.0\checker-qual-3.31.0.jar;C:\Users\magzh\.m2\repository\org\springframework\boot\spring-boot-starter-test\3.1.1-SNAPSHOT\spring-boot-starter-test-3.1.1-SNAPSHOT.jar;C:\Users\magzh\.m2\repository\org\springframework\boot\spring-boot-test\3.1.1-SNAPSHOT\spring-boot-test-3.1.1-SNAPSHOT.jar;C:\Users\magzh\.m2\repository\org\springframework\boot\spring-boot-test-autoconfigure\3.1.1-SNAPSHOT\spring-boot-test-autoconfigure-3.1.1-SNAPSHOT.jar;C:\Users\magzh\.m2\repository\com\jayway\jsonpath\json-path\2.8.0\json-path-2.8.0.jar;C:\Users\magzh\.m2\repository\jakarta\xml\bind\jakarta.xml.bind-api\4.0.0\jakarta.xml.bind-api-4.0.0.jar;C:\Users\magzh\.m2\repository\jakarta\activation\jakarta.activation-api\2.1.2\jakarta.activation-api-2.1.2.jar;C:\Users\magzh\.m2\repository\net\minidev\json-smart\2.4.10\json-smart-2.4.10.jar;C:\Users\magzh\.m2\repository\net\minidev\accessors-smart\2.4.9\accessors-smart-2.4.9.jar;C:\Users\magzh\.m2\repository\org\ow2\asm\asm\9.3\asm-9.3.jar;C:\Users\magzh\.m2\repository\org\assertj\assertj-core\3.24.2\assertj-core-3.24.2.jar;C:\Users\magzh\.m2\repository\org\hamcrest\hamcrest\2.2\hamcrest-2.2.jar;C:\Users\magzh\.m2\repository\org\junit\jupiter\junit-jupiter\5.9.3\junit-jupiter-5.9.3.jar;C:\Users\magzh\.m2\repository\org\junit\jupiter\junit-jupiter-api\5.9.3\junit-jupiter-api-5.9.3.jar;C:\Users\magzh\.m2\repository\org\junit\jupiter\junit-jupiter-params\5.9.3\junit-jupiter-params-5.9.3.jar;C:\Users\magzh\.m2\repository\org\junit\jupiter\junit-jupiter-engine\5.9.3\junit-jupiter-engine-5.9.3.jar;C:\Users\magzh\.m2\repository\org\mockito\mockito-core\5.3.1\mockito-core-5.3.1.jar;C:\Users\magzh\.m2\repository\net\bytebuddy\byte-buddy-agent\1.14.4\byte-buddy-agent-1.14.4.jar;C:\Users\magzh\.m2\repository\org\objenesis\objenesis\3.3\objenesis-3.3.jar;C:\Users\magzh\.m2\repository\org\mockito\mockito-junit-jupiter\5.3.1\mockito-junit-jupiter-5.3.1.jar;C:\Users\magzh\.m2\repository\org\skyscreamer\jsonassert\1.5.1\jsonassert-1.5.1.jar;C:\Users\magzh\.m2\repository\com\vaadin\external\google\android-json\0.0.20131108.vaadin1\android-json-0.0.20131108.vaadin1.jar;C:\Users\magzh\.m2\repository\org\springframework\spring-core\6.0.10-SNAPSHOT\spring-core-6.0.10-SNAPSHOT.jar;C:\Users\magzh\.m2\repository\org\springframework\spring-jcl\6.0.10-SNAPSHOT\spring-jcl-6.0.10-SNAPSHOT.jar;C:\Users\magzh\.m2\repository\org\springframework\spring-test\6.0.10-SNAPSHOT\spring-test-6.0.10-SNAPSHOT.jar;C:\Users\magzh\.m2\repository\org\xmlunit\xmlunit-core\2.9.1\xmlunit-core-2.9.1.jar;C:\Users\magzh\.m2\repository\org\springframework\security\spring-security-test\6.1.1-SNAPSHOT\spring-security-test-6.1.1-SNAPSHOT.jar;C:\Users\magzh\.m2\repository\org\springframework\security\spring-security-core\6.1.1-SNAPSHOT\spring-security-core-6.1.1-SNAPSHOT.jar;C:\Users\magzh\.m2\repository\org\springframework\security\spring-security-crypto\6.1.1-SNAPSHOT\spring-security-crypto-6.1.1-SNAPSHOT.jar;C:\Users\magzh\.m2\repository\org\springframework\security\spring-security-taglibs\6.0.2\spring-security-taglibs-6.0.2.jar;C:\Users\magzh\.m2\repository\org\springframework\security\spring-security-acl\6.1.1-SNAPSHOT\spring-security-acl-6.1.1-SNAPSHOT.jar;C:\Users\magzh\.m2\repository\org\springframework\spring-beans\6.0.10-SNAPSHOT\spring-beans-6.0.10-SNAPSHOT.jar;C:\Users\magzh\.m2\repository\org\springframework\spring-context\6.0.10-SNAPSHOT\spring-context-6.0.10-SNAPSHOT.jar;C:\Users\magzh\.m2\repository\org\springframework\spring-expression\6.0.10-SNAPSHOT\spring-expression-6.0.10-SNAPSHOT.jar;C:\Users\magzh\.m2\repository\org\projectlombok\lombok\1.18.28\lombok-1.18.28.jar;C:\Users\magzh\.m2\repository\org\thymeleaf\extras\thymeleaf-extras-springsecurity6\3.1.1.RELEASE\thymeleaf-extras-springsecurity6-3.1.1.RELEASE.jar;C:\Users\magzh\.m2\repository\org\junit\platform\junit-platform-launcher\1.9.3\junit-platform-launcher-1.9.3.jar;C:\Users\magzh\.m2\repository\org\junit\platform\junit-platform-engine\1.9.3\junit-platform-engine-1.9.3.jar;C:\Users\magzh\.m2\repository\org\opentest4j\opentest4j\1.2.0\opentest4j-1.2.0.jar;C:\Users\magzh\.m2\repository\org\junit\platform\junit-platform-commons\1.9.3\junit-platform-commons-1.9.3.jar;C:\Users\magzh\.m2\repository\org\apiguardian\apiguardian-api\1.1.2\apiguardian-api-1.1.2.jar;"/>
    <property name="sun.cpu.endian" value="little"/>
    <property name="user.home" value="C:\Users\magzh"/>
    <property name="user.language" value="ru"/>
    <property name="java.specification.vendor" value="Oracle Corporation"/>
    <property name="java.version.date" value="2022-10-18"/>
    <property name="java.home" value="C:\Program Files\Java\jdk-19"/>
    <property name="file.separator" value="\"/>
    <property name="basedir" value="C:\Epam Projects\capstoneproject"/>
    <property name="java.vm.compressedOopsMode" value="32-bit"/>
    <property name="line.separator" value="&#10;"/>
    <property name="java.vm.specification.vendor" value="Oracle Corporation"/>
    <property name="java.specification.name" value="Java Platform API Specification"/>
    <property name="FILE_LOG_CHARSET" value="UTF-8"/>
    <property name="java.awt.headless" value="true"/>
    <property name="surefire.real.class.path" value="C:\Users\magzh\AppData\Local\Temp\surefire13647037977150345716\surefirebooter-20230607164438316_3.jar"/>
    <property name="junit.platform.listeners.uid.tracking.enabled" value="true"/>
    <property name="user.script" value=""/>
    <property name="sun.management.compiler" value="HotSpot 64-Bit Tiered Compilers"/>
    <property name="junit.platform.listeners.uid.tracking.output.dir" value="C:\Epam Projects\capstoneproject\target\test-ids"/>
    <property name="java.runtime.version" value="19.0.1+10-21"/>
    <property name="user.name" value="magzh"/>
    <property name="stdout.encoding" value="Cp1251"/>
    <property name="path.separator" value=";"/>
    <property name="os.version" value="10.0"/>
    <property name="java.runtime.name" value="Java(TM) SE Runtime Environment"/>
    <property name="file.encoding" value="UTF-8"/>
    <property name="java.vm.name" value="Java HotSpot(TM) 64-Bit Server VM"/>
    <property name="localRepository" value="C:\Users\magzh\.m2\repository"/>
    <property name="java.vendor.url.bug" value="https://bugreport.java.com/bugreport/"/>
    <property name="java.io.tmpdir" value="C:\Users\magzh\AppData\Local\Temp\"/>
    <property name="idea.version" value="2021.2"/>
    <property name="com.zaxxer.hikari.pool_number" value="2"/>
    <property name="java.version" value="19.0.1"/>
    <property name="user.dir" value="C:\Epam Projects\capstoneproject"/>
    <property name="os.arch" value="amd64"/>
    <property name="java.vm.specification.name" value="Java Virtual Machine Specification"/>
    <property name="PID" value="240"/>
    <property name="sun.os.patch.level" value=""/>
    <property name="CONSOLE_LOG_CHARSET" value="UTF-8"/>
    <property name="native.encoding" value="Cp1251"/>
    <property name="java.library.path" value="C:\Program Files\Java\jdk-19\bin;C:\WINDOWS\Sun\Java\bin;C:\WINDOWS\system32;C:\WINDOWS;C:\Program Files (x86)\Common Files\Intel\Shared Libraries\redist\intel64_win\compiler;C:\Program Files\Microsoft\jdk-11.0.12.7-hotspot\bin;C:\Program Files\Common Files\Oracle\Java\javapath;C:\Program Files (x86)\Common Files\Oracle\Java\javapath;C:\WINDOWS\system32;C:\WINDOWS;C:\WINDOWS\System32\Wbem;C:\WINDOWS\System32\WindowsPowerShell\v1.0\;C:\WINDOWS\System32\OpenSSH\;C:\Program Files\dotnet\;C:\Program Files\Microsoft SQL Server\150\Tools\Binn\;C:\Program Files\Microsoft SQL Server\Client SDK\ODBC\170\Tools\Binn\;C:\Program Files\Git\cmd;C:\Program Files\nodejs\;C:\ProgramData\chocolatey\bin;D:\xampp\php;C:\composer;C:\Program Files (x86)\GtkSharp\2.12\bin;C:\Program Files\Java\apache-maven-3.9.2\bin;C:\Program Files\Java\jdk-17\bin;D:\anaconda3;D:\anaconda3\Library\mingw-w64\bin;D:\anaconda3\Library\usr\bin;D:\anaconda3\Library\bin;D:\anaconda3\Scripts;C:\Ruby31-x64\bin;C:\Users\magzh\AppData\Local\.meteor/;C:\Program Files\nodejs\node_modules\npm\node_modules\npm-lifecycle\node-gyp-bin;C:\Users\magzh\AppData\Roaming\npm\node_modules\meteor\node_modules\.bin;C:\Users\magzh\AppData\Roaming\npm\node_modules\.bin;C:\Program Files\Microsoft\jdk-11.0.12.7-hotspot\bin;C:\Program Files\Common Files\Oracle\Java\javapath;C:\WINDOWS\system32;C:\WINDOWS;C:\WINDOWS\System32\Wbem;C:\WINDOWS\System32\WindowsPowerShell\v1.0\;C:\WINDOWS\System32\OpenSSH\;C:\Program Files\dotnet\;C:\Program Files\Microsoft SQL Server\150\Tools\Binn\;C:\Program Files\Microsoft SQL Server\Client SDK\ODBC\170\Tools\Binn\;C:\Program Files\Git\cmd;C:\Program Files\nodejs\;C:\Users\magzh\AppData\Local\Programs\Python\Python311\Scripts\;C:\Users\magzh\AppData\Local\Programs\Python\Python311\;C:\Users\magzh\AppData\Local\Microsoft\WindowsApps;C:\Program Files\JetBrains\IntelliJ IDEA 2021.2\bin;C:\Users\magzh\.dotnet\tools;C:\Users\magzh\AppData\Local\Programs\Microsoft VS Code\bin;D:\JetBrains\PyCharm 2022.3.1\bin;C:\Users\magzh\AppData\Roaming\npm;D:\JetBrains\RubyMine 2022.3.2\bin;;C:\Users\magzh\AppData\Roaming\Composer\vendor\bin;C:\Program Files\Java\apache-maven-3.9.2\bin;C:\Program Files\Java\jdk-17\bin;;C:\Program Files\JetBrains\DataGrip 2023.1.2\bin;;."/>
    <property name="java.vm.info" value="mixed mode, sharing"/>
    <property name="stderr.encoding" value="Cp1251"/>
    <property name="java.vendor" value="Oracle Corporation"/>
    <property name="java.vm.version" value="19.0.1+10-21"/>
    <property name="sun.io.unicode.encoding" value="UnicodeLittle"/>
    <property name="java.class.version" value="63.0"/>
  </properties>
  <testcase name="testAddCustomer" classname="com.example.capstone.pizza_delivery_service.CustomerIntegrationTest" time="0.499">
    <system-out><![CDATA[2023-06-07T16:44:47.542+06:00  INFO 240 --- [           main] t.c.s.AnnotationConfigContextLoaderUtils : Could not detect default configuration classes for test class [com.example.capstone.pizza_delivery_service.CustomerIntegrationTest]: CustomerIntegrationTest does not declare any static, non-private, non-final, nested classes annotated with @Configuration.
2023-06-07T16:44:47.547+06:00  INFO 240 --- [           main] .b.t.c.SpringBootTestContextBootstrapper : Found @SpringBootConfiguration com.example.capstone.pizza_delivery_service.PizzaDeliveryServiceApplication for test class com.example.capstone.pizza_delivery_service.CustomerIntegrationTest

  .   ____          _            __ _ _
 /\\ / ___'_ __ _ _(_)_ __  __ _ \ \ \ \
( ( )\___ | '_ | '_| | '_ \/ _` | \ \ \ \
 \\/  ___)| |_)| | | | | || (_| |  ) ) ) )
  '  |____| .__|_| |_|_| |_\__, | / / / /
 =========|_|==============|___/=/_/_/_/
 :: Spring Boot ::       (v3.1.1-SNAPSHOT)

2023-06-07T16:44:47.593+06:00  INFO 240 --- [           main] c.e.c.p.CustomerIntegrationTest          : Starting CustomerIntegrationTest using Java 19.0.1 with PID 240 (started by magzh in C:\Epam Projects\capstoneproject)
2023-06-07T16:44:47.593+06:00  INFO 240 --- [           main] c.e.c.p.CustomerIntegrationTest          : No active profile set, falling back to 1 default profile: "default"
2023-06-07T16:44:47.595+06:00 DEBUG 240 --- [           main] o.s.w.c.s.GenericWebApplicationContext   : Refreshing org.springframework.web.context.support.GenericWebApplicationContext@3ad142f0
2023-06-07T16:44:47.908+06:00  INFO 240 --- [           main] .s.d.r.c.RepositoryConfigurationDelegate : Bootstrapping Spring Data JPA repositories in DEFAULT mode.
2023-06-07T16:44:47.941+06:00  INFO 240 --- [           main] .s.d.r.c.RepositoryConfigurationDelegate : Finished Spring Data repository scanning in 32 ms. Found 10 JPA repository interfaces.
2023-06-07T16:44:48.082+06:00  INFO 240 --- [           main] com.zaxxer.hikari.HikariDataSource       : HikariPool-2 - Starting...
2023-06-07T16:44:48.163+06:00  INFO 240 --- [           main] com.zaxxer.hikari.pool.HikariPool        : HikariPool-2 - Added connection org.postgresql.jdbc.PgConnection@50ba10de
2023-06-07T16:44:48.163+06:00  INFO 240 --- [           main] com.zaxxer.hikari.HikariDataSource       : HikariPool-2 - Start completed.
2023-06-07T16:44:48.164+06:00  INFO 240 --- [           main] o.hibernate.jpa.internal.util.LogHelper  : HHH000204: Processing PersistenceUnitInfo [name: default]
2023-06-07T16:44:48.176+06:00  INFO 240 --- [           main] o.h.b.i.BytecodeProviderInitiator        : HHH000021: Bytecode provider name : bytebuddy
2023-06-07T16:44:48.177+06:00  INFO 240 --- [           main] o.s.o.j.p.SpringPersistenceUnitInfo      : No LoadTimeWeaver setup: ignoring JPA class transformer
2023-06-07T16:44:48.192+06:00  INFO 240 --- [           main] org.hibernate.orm.dialect                : HHH035001: Using dialect: org.hibernate.dialect.PostgreSQLDialect, version: org.hibernate.engine.jdbc.env.internal.JdbcEnvironmentInitiator$DialectResolutionInfoImpl@64d128d0
2023-06-07T16:44:48.233+06:00  INFO 240 --- [           main] o.h.b.i.BytecodeProviderInitiator        : HHH000021: Bytecode provider name : bytebuddy
2023-06-07T16:44:48.421+06:00  INFO 240 --- [           main] o.h.e.t.j.p.i.JtaPlatformInitiator       : HHH000490: Using JtaPlatform implementation: [org.hibernate.engine.transaction.jta.platform.internal.NoJtaPlatform]
2023-06-07T16:44:48.421+06:00  INFO 240 --- [           main] j.LocalContainerEntityManagerFactoryBean : Initialized JPA EntityManagerFactory for persistence unit 'default'
2023-06-07T16:44:48.622+06:00  INFO 240 --- [           main] c.e.c.p.controller.Controller            : ****************** Pizza images updated ************
2023-06-07T16:44:48.711+06:00  WARN 240 --- [           main] JpaBaseConfiguration$JpaWebConfiguration : spring.jpa.open-in-view is enabled by default. Therefore, database queries may be performed during view rendering. Explicitly configure spring.jpa.open-in-view to disable this warning
2023-06-07T16:44:48.737+06:00  INFO 240 --- [           main] o.s.b.a.w.s.WelcomePageHandlerMapping    : Adding welcome page template: index
2023-06-07T16:44:48.757+06:00 DEBUG 240 --- [           main] s.w.s.m.m.a.RequestMappingHandlerMapping : 12 mappings in 'requestMappingHandlerMapping'
2023-06-07T16:44:48.799+06:00 DEBUG 240 --- [           main] o.s.w.s.handler.SimpleUrlHandlerMapping  : Patterns [/webjars/**, /**] in 'resourceHandlerMapping'
2023-06-07T16:44:48.810+06:00  INFO 240 --- [           main] o.s.s.web.DefaultSecurityFilterChain     : Will secure any request with [org.springframework.security.web.session.DisableEncodeUrlFilter@43edd4e0, org.springframework.security.web.context.request.async.WebAsyncManagerIntegrationFilter@72a4f3f, org.springframework.security.web.context.SecurityContextHolderFilter@14b53f58, org.springframework.security.web.header.HeaderWriterFilter@8872669, org.springframework.security.web.csrf.CsrfFilter@545bc8e1, org.springframework.security.web.authentication.logout.LogoutFilter@75abbb61, org.springframework.security.web.authentication.UsernamePasswordAuthenticationFilter@6b351a54, org.springframework.security.web.savedrequest.RequestCacheAwareFilter@1e23e1ef, org.springframework.security.web.servletapi.SecurityContextHolderAwareRequestFilter@79dcd7f1, org.springframework.security.web.authentication.AnonymousAuthenticationFilter@3dfef314, org.springframework.security.web.access.ExceptionTranslationFilter@5f3705e7, org.springframework.security.web.access.intercept.AuthorizationFilter@6bfa228c]
2023-06-07T16:44:48.861+06:00 DEBUG 240 --- [           main] s.w.s.m.m.a.RequestMappingHandlerAdapter : ControllerAdvice beans: 0 @ModelAttribute, 0 @InitBinder, 1 RequestBodyAdvice, 1 ResponseBodyAdvice
2023-06-07T16:44:48.869+06:00 DEBUG 240 --- [           main] .m.m.a.ExceptionHandlerExceptionResolver : ControllerAdvice beans: 0 @ExceptionHandler, 1 ResponseBodyAdvice
2023-06-07T16:44:48.944+06:00  INFO 240 --- [           main] c.e.c.p.CustomerIntegrationTest          : Started CustomerIntegrationTest in 1.391 seconds (process running for 10.451)
2023-06-07T16:44:49.343+06:00  INFO 240 --- [           main] c.e.c.p.controller.Controller            : ********************Service. Customer to DB  CustomerEntity{id=null, name='Jenny', surname='Johnson', mobile='7445566321', DOB=2023-06-07, email='jenny@email.com', homeAddress='JennysAddress', customersCredentialsEntity=com.example.capstone.pizza_delivery_service.entity.CustomersCredentialsEntity@2f229f60}***************
]]></system-out>
  </testcase>
</testsuite>